app/build/intermediates/manifest_merge_blame_file/release/processReleaseMainManifest/manifest-merger-blame-release-report.txt
1<?xml version="1.0" encoding="utf-8"?>
2<manifest xmlns:android="http://schemas.android.com/apk/res/android"
3    package="com.main.cipta_muri_mobile"
4    android:versionCode="1"
5    android:versionName="1.0" >
6
7    <uses-sdk
8        android:minSdkVersion="24"
9        android:targetSdkVersion="36" />
10
11    <uses-permission android:name="android.permission.INTERNET" />
11-->src\main\AndroidManifest.xml:4:5-67
11-->src\main\AndroidManifest.xml:4:22-64
12    <uses-permission android:name="android.permission.ACCESS_FINE_LOCATION" />
12-->src\main\AndroidManifest.xml:5:5-79
12-->src\main\AndroidManifest.xml:5:22-76
13    <uses-permission android:name="android.permission.ACCESS_COARSE_LOCATION" />
13-->src\main\AndroidManifest.xml:6:5-81
13-->src\main\AndroidManifest.xml:6:22-78
14
15    <!-- Include required permissions for Google Maps API to run. -->
16    <uses-permission android:name="android.permission.ACCESS_NETWORK_STATE" />
16-->[com.google.android.gms:play-services-maps:18.2.0] AndroidManifest.xml:23:5-79
16-->[com.google.android.gms:play-services-maps:18.2.0] AndroidManifest.xml:23:22-76
17
18    <uses-feature
18-->[com.google.android.gms:play-services-maps:18.2.0] AndroidManifest.xml:26:5-28:35
19        android:glEsVersion="0x00020000"
19-->[com.google.android.gms:play-services-maps:18.2.0] AndroidManifest.xml:27:9-41
20        android:required="true" />
20-->[com.google.android.gms:play-services-maps:18.2.0] AndroidManifest.xml:28:9-32
21
22    <queries>
22-->[com.google.android.gms:play-services-maps:18.2.0] AndroidManifest.xml:30:5-34:15
23
24        <!-- Needs to be explicitly declared on Android R+ -->
25        <package android:name="com.google.android.apps.maps" />
25-->[com.google.android.gms:play-services-maps:18.2.0] AndroidManifest.xml:33:9-64
25-->[com.google.android.gms:play-services-maps:18.2.0] AndroidManifest.xml:33:18-61
26    </queries>
27
28    <permission
28-->[androidx.core:core:1.17.0] AndroidManifest.xml:22:5-24:47
29        android:name="com.main.cipta_muri_mobile.DYNAMIC_RECEIVER_NOT_EXPORTED_PERMISSION"
29-->[androidx.core:core:1.17.0] AndroidManifest.xml:23:9-81
30        android:protectionLevel="signature" />
30-->[androidx.core:core:1.17.0] AndroidManifest.xml:24:9-44
31
32    <uses-permission android:name="com.main.cipta_muri_mobile.DYNAMIC_RECEIVER_NOT_EXPORTED_PERMISSION" />
32-->[androidx.core:core:1.17.0] AndroidManifest.xml:26:5-97
32-->[androidx.core:core:1.17.0] AndroidManifest.xml:26:22-94
33
34    <application
34-->src\main\AndroidManifest.xml:8:5-148:19
35        android:allowBackup="true"
35-->src\main\AndroidManifest.xml:10:9-35
36        android:appComponentFactory="androidx.core.app.CoreComponentFactory"
36-->[androidx.core:core:1.17.0] AndroidManifest.xml:28:18-86
37        android:dataExtractionRules="@xml/data_extraction_rules"
37-->src\main\AndroidManifest.xml:11:9-65
38        android:extractNativeLibs="false"
39        android:fullBackupContent="@xml/backup_rules"
39-->src\main\AndroidManifest.xml:12:9-54
40        android:icon="@drawable/ic_logo_bank_sampah_large"
40-->src\main\AndroidManifest.xml:13:9-59
41        android:label="@string/app_name"
41-->src\main\AndroidManifest.xml:14:9-41
42        android:roundIcon="@drawable/ic_logo_bank_sampah_large"
42-->src\main\AndroidManifest.xml:15:9-64
43        android:supportsRtl="true"
43-->src\main\AndroidManifest.xml:16:9-35
44        android:theme="@style/Theme.Ciptamurimobile"
44-->src\main\AndroidManifest.xml:17:9-53
45        android:usesCleartextTraffic="true" >
45-->src\main\AndroidManifest.xml:9:9-44
46        <provider
47            android:name="androidx.core.content.FileProvider"
47-->src\main\AndroidManifest.xml:19:13-62
48            android:authorities="com.main.cipta_muri_mobile.fileprovider"
48-->src\main\AndroidManifest.xml:20:13-64
49            android:exported="false"
49-->src\main\AndroidManifest.xml:21:13-37
50            android:grantUriPermissions="true" >
50-->src\main\AndroidManifest.xml:22:13-47
51            <meta-data
51-->src\main\AndroidManifest.xml:23:13-25:54
52                android:name="android.support.FILE_PROVIDER_PATHS"
52-->src\main\AndroidManifest.xml:24:17-67
53                android:resource="@xml/file_paths" />
53-->src\main\AndroidManifest.xml:25:17-51
54        </provider>
55
56        <meta-data
56-->src\main\AndroidManifest.xml:28:9-30:61
57            android:name="com.google.android.geo.API_KEY"
57-->src\main\AndroidManifest.xml:29:13-58
58            android:value="MASUKKAN_API_KEY_KAMU_DI_SINI" />
58-->src\main\AndroidManifest.xml:30:13-58
59
60        <activity
60-->src\main\AndroidManifest.xml:31:9-41:20
61            android:name="com.main.cipta_muri_mobile.ui.splash.SplashActivity"
61-->src\main\AndroidManifest.xml:32:13-53
62            android:exported="true"
62-->src\main\AndroidManifest.xml:33:13-36
63            android:screenOrientation="portrait"
63-->src\main\AndroidManifest.xml:34:13-49
64            android:theme="@style/Theme.AppCompat.Light.NoActionBar" >
64-->src\main\AndroidManifest.xml:35:13-69
65            <intent-filter>
65-->src\main\AndroidManifest.xml:36:13-40:29
66                <action android:name="android.intent.action.MAIN" />
66-->src\main\AndroidManifest.xml:37:17-69
66-->src\main\AndroidManifest.xml:37:25-66
67
68                <category android:name="android.intent.category.LAUNCHER" />
68-->src\main\AndroidManifest.xml:39:17-77
68-->src\main\AndroidManifest.xml:39:27-74
69            </intent-filter>
70        </activity>
71        <activity
71-->src\main\AndroidManifest.xml:42:9-47:63
72            android:name="com.main.cipta_muri_mobile.ui.login.LoginActivity"
72-->src\main\AndroidManifest.xml:43:13-51
73            android:exported="true"
73-->src\main\AndroidManifest.xml:44:13-36
74            android:label="@string/app_name"
74-->src\main\AndroidManifest.xml:45:13-45
75            android:screenOrientation="portrait"
75-->src\main\AndroidManifest.xml:46:13-49
76            android:theme="@style/Theme.Ciptamuri.NoPurple" />
76-->src\main\AndroidManifest.xml:47:13-60
77        <activity
77-->src\main\AndroidManifest.xml:48:9-53:63
78            android:name="com.main.cipta_muri_mobile.ui.login.LupaPinActivity"
78-->src\main\AndroidManifest.xml:49:13-53
79            android:exported="true"
79-->src\main\AndroidManifest.xml:50:13-36
80            android:label="@string/app_name"
80-->src\main\AndroidManifest.xml:51:13-45
81            android:screenOrientation="portrait"
81-->src\main\AndroidManifest.xml:52:13-49
82            android:theme="@style/Theme.Ciptamuri.NoPurple" />
82-->src\main\AndroidManifest.xml:53:13-60
83        <activity
83-->src\main\AndroidManifest.xml:54:9-59:62
84            android:name="com.main.cipta_muri_mobile.ui.main.MainActivity"
84-->src\main\AndroidManifest.xml:55:13-49
85            android:exported="true"
85-->src\main\AndroidManifest.xml:56:13-36
86            android:label="@string/app_name"
86-->src\main\AndroidManifest.xml:57:13-45
87            android:screenOrientation="portrait"
87-->src\main\AndroidManifest.xml:58:13-49
88            android:theme="@style/Theme.Ciptamuri.NoPurple" />
88-->src\main\AndroidManifest.xml:59:13-60
89        <activity
89-->src\main\AndroidManifest.xml:60:9-65:62
90            android:name="com.main.cipta_muri_mobile.ui.setor.riwayat.RiwayatSetoranActivity"
90-->src\main\AndroidManifest.xml:61:13-68
91            android:exported="true"
91-->src\main\AndroidManifest.xml:62:13-36
92            android:label="@string/app_name"
92-->src\main\AndroidManifest.xml:63:13-45
93            android:screenOrientation="portrait"
93-->src\main\AndroidManifest.xml:64:13-49
94            android:theme="@style/Theme.Ciptamuri.NoPurple" />
94-->src\main\AndroidManifest.xml:65:13-60
95        <activity
95-->src\main\AndroidManifest.xml:66:9-70:62
96            android:name="com.main.cipta_muri_mobile.ui.setor.SetorSampahActivity"
96-->src\main\AndroidManifest.xml:66:19-63
97            android:exported="true"
97-->src\main\AndroidManifest.xml:67:13-36
98            android:label="@string/app_name"
98-->src\main\AndroidManifest.xml:68:13-45
99            android:screenOrientation="portrait"
99-->src\main\AndroidManifest.xml:69:13-49
100            android:theme="@style/Theme.Ciptamuri.NoPurple" />
100-->src\main\AndroidManifest.xml:70:13-60
101        <activity
101-->src\main\AndroidManifest.xml:71:9-75:62
102            android:name="com.main.cipta_muri_mobile.ui.saldo.tarik.TarikSaldoActivity"
102-->src\main\AndroidManifest.xml:71:19-68
103            android:exported="true"
103-->src\main\AndroidManifest.xml:72:13-36
104            android:label="@string/app_name"
104-->src\main\AndroidManifest.xml:73:13-45
105            android:screenOrientation="portrait"
105-->src\main\AndroidManifest.xml:74:13-49
106            android:theme="@style/Theme.Ciptamuri.NoPurple" />
106-->src\main\AndroidManifest.xml:75:13-60
107        <activity
107-->src\main\AndroidManifest.xml:76:9-80:62
108            android:name="com.main.cipta_muri_mobile.ui.saldo.riwayat.RiwayatPenarikanActivity"
108-->src\main\AndroidManifest.xml:76:19-76
109            android:exported="true"
109-->src\main\AndroidManifest.xml:77:13-36
110            android:label="@string/app_name"
110-->src\main\AndroidManifest.xml:78:13-45
111            android:screenOrientation="portrait"
111-->src\main\AndroidManifest.xml:79:13-49
112            android:theme="@style/Theme.Ciptamuri.NoPurple" />
112-->src\main\AndroidManifest.xml:80:13-60
113        <activity
113-->src\main\AndroidManifest.xml:81:9-85:62
114            android:name="com.main.cipta_muri_mobile.ui.donasi.DonasiSampahActivity"
114-->src\main\AndroidManifest.xml:81:19-65
115            android:exported="true"
115-->src\main\AndroidManifest.xml:82:13-36
116            android:label="@string/app_name"
116-->src\main\AndroidManifest.xml:83:13-45
117            android:screenOrientation="portrait"
117-->src\main\AndroidManifest.xml:84:13-49
118            android:theme="@style/Theme.Ciptamuri.NoPurple" />
118-->src\main\AndroidManifest.xml:85:13-60
119        <activity
119-->src\main\AndroidManifest.xml:86:9-90:62
120            android:name="com.main.cipta_muri_mobile.ui.aktivitas.RiwayatAktivitasActivity"
120-->src\main\AndroidManifest.xml:86:19-72
121            android:exported="true"
121-->src\main\AndroidManifest.xml:87:13-36
122            android:label="@string/app_name"
122-->src\main\AndroidManifest.xml:88:13-45
123            android:screenOrientation="portrait"
123-->src\main\AndroidManifest.xml:89:13-49
124            android:theme="@style/Theme.Ciptamuri.NoPurple" />
124-->src\main\AndroidManifest.xml:90:13-60
125        <activity
125-->src\main\AndroidManifest.xml:91:9-95:62
126            android:name="com.main.cipta_muri_mobile.ui.profile.ProfileActivity"
126-->src\main\AndroidManifest.xml:91:19-61
127            android:exported="true"
127-->src\main\AndroidManifest.xml:92:13-36
128            android:label="@string/app_name"
128-->src\main\AndroidManifest.xml:93:13-45
129            android:screenOrientation="portrait"
129-->src\main\AndroidManifest.xml:94:13-49
130            android:theme="@style/Theme.Ciptamuri.NoPurple" />
130-->src\main\AndroidManifest.xml:95:13-60
131        <activity
131-->src\main\AndroidManifest.xml:96:9-100:62
132            android:name="com.main.cipta_muri_mobile.ui.setor.harga.HargaSampahActivity"
132-->src\main\AndroidManifest.xml:96:19-69
133            android:exported="true"
133-->src\main\AndroidManifest.xml:97:13-36
134            android:label="@string/app_name"
134-->src\main\AndroidManifest.xml:98:13-45
135            android:screenOrientation="portrait"
135-->src\main\AndroidManifest.xml:99:13-49
136            android:theme="@style/Theme.Ciptamuri.NoPurple" />
136-->src\main\AndroidManifest.xml:100:13-60
137        <activity
137-->src\main\AndroidManifest.xml:101:9-105:62
138            android:name="com.main.cipta_muri_mobile.ui.mutasi.MutasiSaldoActivity"
138-->src\main\AndroidManifest.xml:101:19-64
139            android:exported="true"
139-->src\main\AndroidManifest.xml:102:13-36
140            android:label="@string/app_name"
140-->src\main\AndroidManifest.xml:103:13-45
141            android:screenOrientation="portrait"
141-->src\main\AndroidManifest.xml:104:13-49
142            android:theme="@style/Theme.Ciptamuri.NoPurple" />
142-->src\main\AndroidManifest.xml:105:13-60
143        <activity
143-->src\main\AndroidManifest.xml:106:9-111:62
144            android:name="com.main.cipta_muri_mobile.ui.setor.bank.BankSampahActivity"
144-->src\main\AndroidManifest.xml:107:13-61
145            android:exported="true"
145-->src\main\AndroidManifest.xml:108:13-36
146            android:label="@string/app_name"
146-->src\main\AndroidManifest.xml:109:13-45
147            android:screenOrientation="portrait"
147-->src\main\AndroidManifest.xml:110:13-49
148            android:theme="@style/Theme.Ciptamuri.NoPurple" />
148-->src\main\AndroidManifest.xml:111:13-60
149        <activity
149-->src\main\AndroidManifest.xml:112:9-116:63
150            android:name="com.main.cipta_muri_mobile.ui.leaderboard.LeaderboardActivity"
150-->src\main\AndroidManifest.xml:112:19-69
151            android:exported="true"
151-->src\main\AndroidManifest.xml:113:13-36
152            android:label="@string/app_name"
152-->src\main\AndroidManifest.xml:114:13-45
153            android:screenOrientation="portrait"
153-->src\main\AndroidManifest.xml:115:13-49
154            android:theme="@style/Theme.Ciptamuri.NoPurple" />
154-->src\main\AndroidManifest.xml:116:13-60
155        <activity
155-->src\main\AndroidManifest.xml:117:9-122:63
156            android:name="com.main.cipta_muri_mobile.ui.saldo.petunjuk.PetunjukPenarikanActivity"
156-->src\main\AndroidManifest.xml:118:13-72
157            android:exported="true"
157-->src\main\AndroidManifest.xml:119:13-36
158            android:label="@string/app_name"
158-->src\main\AndroidManifest.xml:120:13-45
159            android:screenOrientation="portrait"
159-->src\main\AndroidManifest.xml:121:13-49
160            android:theme="@style/Theme.Ciptamuri.NoPurple" />
160-->src\main\AndroidManifest.xml:122:13-60
161        <activity
161-->src\main\AndroidManifest.xml:123:9-127:63
162            android:name="com.main.cipta_muri_mobile.ui.saldo.animasi.AnimasiActivity"
162-->src\main\AndroidManifest.xml:123:19-67
163            android:exported="true"
163-->src\main\AndroidManifest.xml:124:13-36
164            android:label="@string/app_name"
164-->src\main\AndroidManifest.xml:125:13-45
165            android:screenOrientation="portrait"
165-->src\main\AndroidManifest.xml:126:13-49
166            android:theme="@style/Theme.Ciptamuri.NoPurple" />
166-->src\main\AndroidManifest.xml:127:13-60
167        <activity
167-->src\main\AndroidManifest.xml:128:9-132:63
168            android:name="com.main.cipta_muri_mobile.ui.saldo.konfirmasi.KonfirmasiPenarikanActivity"
168-->src\main\AndroidManifest.xml:128:19-82
169            android:exported="true"
169-->src\main\AndroidManifest.xml:129:13-36
170            android:label="@string/app_name"
170-->src\main\AndroidManifest.xml:130:13-45
171            android:screenOrientation="portrait"
171-->src\main\AndroidManifest.xml:131:13-49
172            android:theme="@style/Theme.Ciptamuri.NoPurple" />
172-->src\main\AndroidManifest.xml:132:13-60
173        <activity
173-->src\main\AndroidManifest.xml:133:9-137:63
174            android:name="com.main.cipta_muri_mobile.ui.saldo.berhasil.PenarikanBerhasilActivity"
174-->src\main\AndroidManifest.xml:133:19-78
175            android:exported="true"
175-->src\main\AndroidManifest.xml:134:13-36
176            android:label="@string/app_name"
176-->src\main\AndroidManifest.xml:135:13-45
177            android:screenOrientation="portrait"
177-->src\main\AndroidManifest.xml:136:13-49
178            android:theme="@style/Theme.Ciptamuri.NoPurple" />
178-->src\main\AndroidManifest.xml:137:13-60
179        <activity
179-->src\main\AndroidManifest.xml:138:9-142:63
180            android:name="com.main.cipta_muri_mobile.ui.registrasi.RegistrasiActivity"
180-->src\main\AndroidManifest.xml:138:19-67
181            android:exported="true"
181-->src\main\AndroidManifest.xml:139:13-36
182            android:label="@string/app_name"
182-->src\main\AndroidManifest.xml:140:13-45
183            android:screenOrientation="portrait"
183-->src\main\AndroidManifest.xml:141:13-49
184            android:theme="@style/Theme.Ciptamuri.NoPurple" />
184-->src\main\AndroidManifest.xml:142:13-60
185        <activity
185-->src\main\AndroidManifest.xml:143:9-147:63
186            android:name="com.main.cipta_muri_mobile.ui.news.NewsActivity"
186-->src\main\AndroidManifest.xml:143:19-55
187            android:exported="true"
187-->src\main\AndroidManifest.xml:144:13-36
188            android:label="@string/app_name"
188-->src\main\AndroidManifest.xml:145:13-45
189            android:screenOrientation="portrait"
189-->src\main\AndroidManifest.xml:146:13-49
190            android:theme="@style/Theme.Ciptamuri.NoPurple" />
190-->src\main\AndroidManifest.xml:147:13-60
191        <!-- Needs to be explicitly declared on P+ -->
192        <uses-library
192-->[com.google.android.gms:play-services-maps:18.2.0] AndroidManifest.xml:39:9-41:40
193            android:name="org.apache.http.legacy"
193-->[com.google.android.gms:play-services-maps:18.2.0] AndroidManifest.xml:40:13-50
194            android:required="false" />
194-->[com.google.android.gms:play-services-maps:18.2.0] AndroidManifest.xml:41:13-37
195
196        <activity
196-->[com.google.android.gms:play-services-base:18.5.0] AndroidManifest.xml:5:9-173
197            android:name="com.google.android.gms.common.api.GoogleApiActivity"
197-->[com.google.android.gms:play-services-base:18.5.0] AndroidManifest.xml:5:19-85
198            android:exported="false"
198-->[com.google.android.gms:play-services-base:18.5.0] AndroidManifest.xml:5:146-170
199            android:theme="@android:style/Theme.Translucent.NoTitleBar" />
199-->[com.google.android.gms:play-services-base:18.5.0] AndroidManifest.xml:5:86-145
200
201        <meta-data
201-->[com.google.android.gms:play-services-basement:18.4.0] AndroidManifest.xml:6:9-122
202            android:name="com.google.android.gms.version"
202-->[com.google.android.gms:play-services-basement:18.4.0] AndroidManifest.xml:6:20-65
203            android:value="@integer/google_play_services_version" />
203-->[com.google.android.gms:play-services-basement:18.4.0] AndroidManifest.xml:6:66-119
204
205        <provider
205-->[androidx.emoji2:emoji2:1.3.0] AndroidManifest.xml:24:9-32:20
206            android:name="androidx.startup.InitializationProvider"
206-->[androidx.emoji2:emoji2:1.3.0] AndroidManifest.xml:25:13-67
207            android:authorities="com.main.cipta_muri_mobile.androidx-startup"
207-->[androidx.emoji2:emoji2:1.3.0] AndroidManifest.xml:26:13-68
208            android:exported="false" >
208-->[androidx.emoji2:emoji2:1.3.0] AndroidManifest.xml:27:13-37
209            <meta-data
209-->[androidx.emoji2:emoji2:1.3.0] AndroidManifest.xml:29:13-31:52
210                android:name="androidx.emoji2.text.EmojiCompatInitializer"
210-->[androidx.emoji2:emoji2:1.3.0] AndroidManifest.xml:30:17-75
211                android:value="androidx.startup" />
211-->[androidx.emoji2:emoji2:1.3.0] AndroidManifest.xml:31:17-49
212            <meta-data
212-->[androidx.lifecycle:lifecycle-process:2.8.6] AndroidManifest.xml:29:13-31:52
213                android:name="androidx.lifecycle.ProcessLifecycleInitializer"
213-->[androidx.lifecycle:lifecycle-process:2.8.6] AndroidManifest.xml:30:17-78
214                android:value="androidx.startup" />
214-->[androidx.lifecycle:lifecycle-process:2.8.6] AndroidManifest.xml:31:17-49
215            <meta-data
215-->[androidx.profileinstaller:profileinstaller:1.4.0] AndroidManifest.xml:29:13-31:52
216                android:name="androidx.profileinstaller.ProfileInstallerInitializer"
216-->[androidx.profileinstaller:profileinstaller:1.4.0] AndroidManifest.xml:30:17-85
217                android:value="androidx.startup" />
217-->[androidx.profileinstaller:profileinstaller:1.4.0] AndroidManifest.xml:31:17-49
218        </provider>
219
220        <uses-library
220-->[androidx.window:window:1.0.0] AndroidManifest.xml:25:9-27:40
221            android:name="androidx.window.extensions"
221-->[androidx.window:window:1.0.0] AndroidManifest.xml:26:13-54
222            android:required="false" />
222-->[androidx.window:window:1.0.0] AndroidManifest.xml:27:13-37
223        <uses-library
223-->[androidx.window:window:1.0.0] AndroidManifest.xml:28:9-30:40
224            android:name="androidx.window.sidecar"
224-->[androidx.window:window:1.0.0] AndroidManifest.xml:29:13-51
225            android:required="false" />
225-->[androidx.window:window:1.0.0] AndroidManifest.xml:30:13-37
226
227        <receiver
227-->[androidx.profileinstaller:profileinstaller:1.4.0] AndroidManifest.xml:34:9-52:20
228            android:name="androidx.profileinstaller.ProfileInstallReceiver"
228-->[androidx.profileinstaller:profileinstaller:1.4.0] AndroidManifest.xml:35:13-76
229            android:directBootAware="false"
229-->[androidx.profileinstaller:profileinstaller:1.4.0] AndroidManifest.xml:36:13-44
230            android:enabled="true"
230-->[androidx.profileinstaller:profileinstaller:1.4.0] AndroidManifest.xml:37:13-35
231            android:exported="true"
231-->[androidx.profileinstaller:profileinstaller:1.4.0] AndroidManifest.xml:38:13-36
232            android:permission="android.permission.DUMP" >
232-->[androidx.profileinstaller:profileinstaller:1.4.0] AndroidManifest.xml:39:13-57
233            <intent-filter>
233-->[androidx.profileinstaller:profileinstaller:1.4.0] AndroidManifest.xml:40:13-42:29
234                <action android:name="androidx.profileinstaller.action.INSTALL_PROFILE" />
234-->[androidx.profileinstaller:profileinstaller:1.4.0] AndroidManifest.xml:41:17-91
234-->[androidx.profileinstaller:profileinstaller:1.4.0] AndroidManifest.xml:41:25-88
235            </intent-filter>
236            <intent-filter>
236-->[androidx.profileinstaller:profileinstaller:1.4.0] AndroidManifest.xml:43:13-45:29
237                <action android:name="androidx.profileinstaller.action.SKIP_FILE" />
237-->[androidx.profileinstaller:profileinstaller:1.4.0] AndroidManifest.xml:44:17-85
237-->[androidx.profileinstaller:profileinstaller:1.4.0] AndroidManifest.xml:44:25-82
238            </intent-filter>
239            <intent-filter>
239-->[androidx.profileinstaller:profileinstaller:1.4.0] AndroidManifest.xml:46:13-48:29
240                <action android:name="androidx.profileinstaller.action.SAVE_PROFILE" />
240-->[androidx.profileinstaller:profileinstaller:1.4.0] AndroidManifest.xml:47:17-88
240-->[androidx.profileinstaller:profileinstaller:1.4.0] AndroidManifest.xml:47:25-85
241            </intent-filter>
242            <intent-filter>
242-->[androidx.profileinstaller:profileinstaller:1.4.0] AndroidManifest.xml:49:13-51:29
243                <action android:name="androidx.profileinstaller.action.BENCHMARK_OPERATION" />
243-->[androidx.profileinstaller:profileinstaller:1.4.0] AndroidManifest.xml:50:17-95
243-->[androidx.profileinstaller:profileinstaller:1.4.0] AndroidManifest.xml:50:25-92
244            </intent-filter>
245        </receiver>
246    </application>
247
248</manifest>